<?xml version="1.0" encoding="UTF-8"?>
<robot generator="Robot 6.1.1 (Python 3.11.6 on darwin)" generated="20240831 12:23:41.568" rpa="false" schemaversion="4">
<suite id="s1" name="Test" source="/Users/herbertpereirasoares/Downloads/robot-appium/test.robot">
<test id="s1-t1" name="Cenario 1: abrir o aplicativo" line="14">
<kw name="Open Test Application">
<kw name="Open Application" library="AppiumLibrary">
<arg>http://localhost:4723</arg>
<arg>automationName=UiAutomator2</arg>
<arg>platformName=Android</arg>
<arg>deviceName=qa2</arg>
<arg>app=${EXECDIR}/app/qazandofood.apk</arg>
<arg>udid=emulator-5554</arg>
<doc>Opens a new application to given Appium server.
Capabilities of appium server, Android and iOS,
Please check https://github.com/appium/appium/blob/master/docs/en/writing-running-appium/server-args.md
| *Option*            | *Man.* | *Description*     |
| remote_url          | Yes    | Appium server url |
| alias               | no     | alias             |
| strict_ssl          | No     | allows you to send commands to an invalid certificate host like a self-signed one. |</doc>
<status status="PASS" starttime="20240831 12:23:41.653" endtime="20240831 12:23:46.821"/>
</kw>
<status status="PASS" starttime="20240831 12:23:41.653" endtime="20240831 12:23:46.821"/>
</kw>
<kw name="Sleep" library="BuiltIn">
<arg>3s</arg>
<doc>Pauses the test executed for the given time.</doc>
<msg timestamp="20240831 12:23:49.826" level="INFO">Slept 3 seconds</msg>
<status status="PASS" starttime="20240831 12:23:46.823" endtime="20240831 12:23:49.826"/>
</kw>
<kw name="Input Text" library="AppiumLibrary">
<arg>accessibility_id=email</arg>
<arg>teste@teste.com</arg>
<doc>Types the given `text` into text field identified by `locator`.</doc>
<msg timestamp="20240831 12:23:49.829" level="INFO">Typing text 'teste@teste.com' into text field 'accessibility_id=email'</msg>
<status status="PASS" starttime="20240831 12:23:49.827" endtime="20240831 12:23:51.084"/>
</kw>
<kw name="Input Text" library="AppiumLibrary">
<arg>accessibility_id=password</arg>
<arg>123456</arg>
<doc>Types the given `text` into text field identified by `locator`.</doc>
<msg timestamp="20240831 12:23:51.090" level="INFO">Typing text '123456' into text field 'accessibility_id=password'</msg>
<status status="PASS" starttime="20240831 12:23:51.086" endtime="20240831 12:23:52.135"/>
</kw>
<kw name="Click Element" library="AppiumLibrary">
<arg>accessibility_id=login-button</arg>
<doc>Click element identified by `locator`.</doc>
<msg timestamp="20240831 12:23:52.137" level="INFO">Clicking element 'accessibility_id=login-button'.</msg>
<status status="PASS" starttime="20240831 12:23:52.136" endtime="20240831 12:23:52.720"/>
</kw>
<status status="PASS" starttime="20240831 12:23:41.652" endtime="20240831 12:23:52.720"/>
</test>
<status status="PASS" starttime="20240831 12:23:41.569" endtime="20240831 12:23:52.721"/>
</suite>
<statistics>
<total>
<stat pass="1" fail="0" skip="0">All Tests</stat>
</total>
<tag>
</tag>
<suite>
<stat pass="1" fail="0" skip="0" id="s1" name="Test">Test</stat>
</suite>
</statistics>
<errors>
</errors>
</robot>
