<?xml version="1.0" encoding="UTF-8"?>
<robot generator="Robot 6.1.1 (Python 3.11.6 on darwin)" generated="20240314 19:37:53.079" rpa="false" schemaversion="4">
<suite id="s1" name="Cristinatest" source="/Users/herbertpereirasoares/Downloads/cristinatest">
<suite id="s1-s1" name="Test" source="/Users/herbertpereirasoares/Downloads/cristinatest/test.robot">
<test id="s1-s1-t1" name="Cenario 1: abrir o aplicativo" line="14">
<kw name="Open Test Application">
<kw name="Open Application" library="AppiumLibrary">
<arg>http://localhost:4723/wd/hub</arg>
<arg>automationName=UiAutomator2</arg>
<arg>platformName=Android</arg>
<arg>deviceName=qa2</arg>
<arg>app=${EXECDIR}/app/qazandofood.apk</arg>
<arg>udid=emulator-5554</arg>
<doc>Opens a new application to given Appium server.
Capabilities of appium server, Android and iOS,
Please check https://github.com/appium/appium/blob/master/docs/en/writing-running-appium/server-args.md
| *Option*            | *Man.* | *Description*     |
| remote_url          | Yes    | Appium server url |
| alias               | no     | alias             |
| strict_ssl          | No     | allows you to send commands to an invalid certificate host like a self-signed one. |</doc>
<status status="PASS" starttime="20240314 19:37:53.188" endtime="20240314 19:38:00.216"/>
</kw>
<status status="PASS" starttime="20240314 19:37:53.188" endtime="20240314 19:38:00.217"/>
</kw>
<kw name="Sleep" library="BuiltIn">
<arg>10s</arg>
<doc>Pauses the test executed for the given time.</doc>
<msg timestamp="20240314 19:38:10.221" level="INFO">Slept 10 seconds</msg>
<status status="PASS" starttime="20240314 19:38:00.218" endtime="20240314 19:38:10.224"/>
</kw>
<status status="PASS" starttime="20240314 19:37:53.187" endtime="20240314 19:38:10.227"/>
</test>
<status status="PASS" starttime="20240314 19:37:53.093" endtime="20240314 19:38:10.229"/>
</suite>
<status status="PASS" starttime="20240314 19:37:53.082" endtime="20240314 19:38:10.232"/>
</suite>
<statistics>
<total>
<stat pass="1" fail="0" skip="0">All Tests</stat>
</total>
<tag>
</tag>
<suite>
<stat pass="1" fail="0" skip="0" id="s1" name="Cristinatest">Cristinatest</stat>
<stat pass="1" fail="0" skip="0" id="s1-s1" name="Test">Cristinatest.Test</stat>
</suite>
</statistics>
<errors>
</errors>
</robot>
